Z80ASM SuperFast Relocating Macro Assembler     	    Z80ASM 1.30 Page   1
LEDCOUNTZ80

    1         0100      	ORG	0100H
    2                   
    3 0100  C3 0115     	JP	START
    4                   
    5                   ;-------------------------------------
    6                   ; SUBRT: TIMER
    7                   ; ENTRY: DE = INITIAL TIMER DOWN COUNT
    8                   ;-------------------------------------
    9 0103  F5          TIMER:	PUSH	AF
   10 0104  1B          LOOP1:	DEC	DE
   11 0105  7A          	LD	A,D
   12 0106  B3          	OR	E
   13 0107  C2 0104     	JP	NZ,LOOP1
   14 010A  F1          	POP	AF	
   15 010B  C9          	RET
   16                   
   17                   ; -------------------------
   18                   ; SUBRT: SETLED
   19                   ; ENTRY: A = LED BIT VALUES
   20                   ;--------------------------
   21         0040      LEDPORT	EQU	40H
   22 010C  D3 40       SETLED:	OUT	(LEDPORT),A
   23 010E  C9          	RET
   24                   
   25                   ;--------------
   26                   ; SUBRT: LEDOFF
   27                   ;--------------
   28 010F  3E 00       LEDOFF:	LD	A,0
   29 0111  CD 010C     	CALL	SETLED
   30 0114  C9          	RET
   31                   		
   32 0115              START:
   33 0115  3E 01       	LD	A,1
   34 0117              WAIT:
   35 0117  CD 010C     	CALL	SETLED
   36                   
   37 011A  11 0FFF     	LD	DE,0FFFH
   38 011D  CD 0103     	CALL	TIMER
   39                   		
   40 0120  3C          	INC	A
   41 0121  C2 0117     	JP	NZ,WAIT
   42                   
   43 0124  11 FFFF     	LD	DE,0FFFFH
   44 0127  CD 0103     	CALL	TIMER
   45                   
   46 012A  CD 010F     	CALL	LEDOFF	
   47                   
   48 012D  C9          	RET
   49                   
   50                   	END
 0 Error(s) Detected.
 46 Absolute Bytes. 7 Symbols Detected.
Z80ASM SuperFast Relocating Macro Assembler     	    Z80ASM 1.30 Page   2
Symbol Table:

010F  LEDOFF           0040  LEDPORT          0104  LOOP1
010C  SETLED           0115  START            0103  TIMER
0117  WAIT
Z80ASM SuperFast Relocating Macro Assembler     	    Z80ASM 1.30 Page   3
Cross Reference:

010F  LEDOFF              28    46
0040  LEDPORT             21    22
0104  LOOP1               10    13
010C  SETLED              22    29    35
0115  START                3    32
0103  TIMER                9    38    44
0117  WAIT                34    41

